

HI-TECH Software PICC Macro Assembler V9.65 build 4410 
                                                      Sat Oct 07 11:39:52 2023

HI-TECH Software Omniscient Code Generator build 4410
     1  0000                     opt subtitle "HI-TECH Software Omniscient Code 
                                 Generator build 4410"
     2                           
     3                           	processor	16F877A
     4                           clrc	macro
     5                           	bcf	status,0
     6  0000                     	endm
     7                           clrz	macro
     8                           	bcf	status,2
     9  0000                     	endm
    10                           setc	macro
    11                           	bsf	status,0
    12  0000                     	endm
    13                           setz	macro
    14                           	bsf	status,2
    15  0000                     	endm
    16                           skipc	macro
    17                           	btfss	status,0
    18  0000                     	endm
    19                           skipz	macro
    20                           	btfss	status,2
    21  0000                     	endm
    22                           skipnc	macro
    23                           	btfsc	status,0
    24  0000                     	endm
    25                           skipnz	macro
    26                           	btfsc	status,2
    27  0000                     	endm
    28  0000                     indf	equ	0
    29  0000                     indf0	equ	0
    30  0000                     pc	equ	2
    31  0000                     pcl	equ	2
    32  0000                     status	equ	3
    33  0000                     fsr	equ	4
    34  0000                     fsr0	equ	4
    35  0000                     c	equ	1
    36  0000                     z	equ	0
    37  0000                     pclath	equ	10
    38                           global __tempreg
    39  0000                     __tempreg	set	112
    40                           global __Lrdata_0, __Hrdata_0
    41  0000                     __Lrdata_0	equ	0x68
    42  0000                     __Hrdata_0	equ	0x70
    43                           global __Lramdata, __Lrdata_0, __Hramdata, __Hr
                                 data_0
    44  0000                     __Lramdata	set	__Lrdata_0
    45  0000                     __Hramdata	set	__Hrdata_0
    46                           	GLOBAL	__databank
    47  0000                     __databank	EQU	0
    48  0000                     _main_F302_i	equ	??_main+0
    49                           	global	_main_F302_i
    50  0000                     _delay_y	equ	?_delay+0
    51                           	global	_delay_y
    52                           ;Data sizes: Strings 0, constant 0, data 8, bss
                                  0, persistent 0 stack 5
    53                           	global	_main
    54                           	global	??_main
    55                           	global	?_main
    56                           
    57                           ; *************** function _main **************
                                 *
    58                           ; Defined at:
    59                           ;		line 8 in file "F:\CVEA\embedded\led 4\led4.
                                 c"
    60                           ; Parameters:
    61                           ;		None
    62                           ; Auto variables:
    63                           ;		i           	       	type: int 
    64                           ;		i           	       	type: int 
    65                           ; Return value:
    66                           ;		type: void 
    67                           ;		size: 0
    68                           ; Registers used:
    69                           ;		wreg, fsr0l, fsr0h, status,2, status,0, pcla
                                 th, cstack
    70                           ; Tracked objects:
    71                           ;		On entry : BFF/0
    72                           ;		On exit  : 0/0
    73                           ;		Unchanged: 0/0
    74                           ; Data sizes:
    75                           ;		Autos:    2
    76                           ;		Params:   0
    77                           ;		Temp:     1
    78                           ;		Total:    3
    79                           ; This function calls:
    80                           ;		_delay
    81                           ; This function is called by:
    82                           ;		Startup code after reset
    83                           ; This function uses a non-reentrant model
    84                           ; 
    85                           	psect	maintext,class=CODE,delta=2
    86                           	file	"F:\CVEA\embedded\led 4\led4.c"
    87                           	line	8
    88                           ;led4.c: 6: char e[8] = {0x01,0x02,0x04,0x08,0x
                                 10,0x20,0x40,0x80};
    89                           ;led4.c: 7: void main()
    90                           ;led4.c: 8: {
    91                           	
    92  0018                     _main:	
    93                           	opt stack 8
    94                           ; Regs used in _main: [wreg-fsr0h+status,2+stat
                                 us,0+pclath+cstack]
    95                           	line	10
    96                           ;led4.c: 9: int i;
    97                           ;led4.c: 10: TRISD=0x00;
    98  0018  1003               	clrc
    99  0019  1683               	bsf	status, 5	;RP0=1, select bank1
   100  001A  1303               	bcf	status, 6	;RP2=0, select bank1
   101                           	
   102  001B  3000               	movlw	0
   103  001C  1803               	btfsc	status,0
   104  001D  3001               	movlw	1
   105  001E  0088               	movwf	(136)^080h	;volatile
   106                           	line	11
   107                           ;led4.c: 11: PORTD=0x00;
   108  001F  1003               	clrc
   109  0020  1283               	bcf	status, 5	;RP0=0, select bank0
   110  0021  1303               	bcf	status, 6	;RP2=0, select bank0
   111                           	
   112  0022  3000               	movlw	0
   113  0023  1803               	btfsc	status,0
   114  0024  3001               	movlw	1
   115  0025  0088               	movwf	(8)	;volatile
   116                           	line	12
   117                           ;led4.c: 12: while(1)
   118                           	
   119  0026                     l7:	
   120                           	line	14
   121                           ;led4.c: 13: {
   122                           ;led4.c: 14: for(int i=0;i<=7;i++)
   123  0026  3000               	movlw	low(0)
   124                           	
   125  0027  00F0               	movwf	(_main_F302_i)
   126  0028  3000               	movlw	high(0)
   127  0029  00F1               	movwf	((_main_F302_i))+1
   128  002A  282B               	goto	l9
   129                           	line	15
   130                           	
   131  002B                     l9:	
   132                           	line	16
   133                           ;led4.c: 15: {
   134                           ;led4.c: 16: PORTD=0x00;
   135  002B  1003               	clrc
   136  002C  1283               	bcf	status, 5	;RP0=0, select bank0
   137  002D  1303               	bcf	status, 6	;RP2=0, select bank0
   138                           	
   139  002E  3000               	movlw	0
   140  002F  1803               	btfsc	status,0
   141  0030  3001               	movlw	1
   142  0031  0088               	movwf	(8)	;volatile
   143                           	line	17
   144                           ;led4.c: 17: PORTD=e[i];
   145                           	
   146  0032  0870               	movf	(_main_F302_i),w
   147                           	
   148  0033  3E68               	addlw	(104)&0ffh
   149  0034  0084               	movwf	fsr0
   150  0035  1383               	bcf	status, 7	;select IRP bank1
   151                           	
   152  0036  0800               	movf	indf,w
   153                           	
   154                           	
   155  0037  0088               	movwf	(8)	;volatile
   156                           	line	18
   157                           ;led4.c: 18: delay(32500);
   158  0038  30F4               	movlw	low(07EF4h)
   159                           	
   160  0039  00F3               	movwf	(?_delay)
   161  003A  307E               	movlw	high(07EF4h)
   162  003B  00F4               	movwf	((?_delay))+1
   163  003C  120A  118A  27E6   	fcall	_delay
              120A  118A         
   164                           	line	14
   165                           	
   166  0041  3001               	movlw	low(01h)
   167  0042  07F0               	addwf	(_main_F302_i),f
   168  0043  1803               	skipnc
   169  0044  0AF1               	incf	(_main_F302_i+1),f
   170  0045  3000               	movlw	high(01h)
   171  0046  07F1               	addwf	(_main_F302_i+1),f
   172                           	
   173  0047  0871               	movf	(_main_F302_i+1),w
   174  0048  3A80               	xorlw	80h
   175  0049  00F2               	movwf	(??_main+2+0)
   176  004A  3080               	movlw	(high(08h))^80h
   177  004B  0272               	subwf	(??_main+2+0),w
   178  004C  1D03               	skipz
   179  004D  2850               	goto	u610
   180  004E                     u615:
   181  004E  3008               	movlw	low(08h)
   182  004F  0270               	subwf	(_main_F302_i),w
   183  0050                     u610:
   184                           
   185  0050  1C03               	skipc
   186  0051  2853               	goto	u61
   187  0052  2854               	goto	u60
   188  0053                     u61:
   189  0053  282B               	goto	l9
   190  0054                     u60:
   191                           	
   192  0054                     l10:	
   193                           	line	20
   194                           	
   195  0054                     l6:	
   196                           	line	12
   197  0054  2826               	goto	l7
   198                           	global	start
   199  0055  120A  118A  2800   	ljmp	start
   200                           	psect	maintext
   201                           	opt stack 0
   202                           ; =============== function _main ends =========
                                 ======
   203                           
   204                           GLOBAL __end_of_main
   205  0058                     	__end_of_main:
   206                           	FNSIZE	_main,3,0
   207                           	line	21
   208                           	signat	_main,88
   209                           	global	_delay
   210                           	global	??_delay
   211                           	global	?_delay
   212                           
   213                           ; *************** function _delay *************
                                 **
   214                           ; Defined at:
   215                           ;		line 3 in file "F:\CVEA\embedded\led 4\led4.
                                 c"
   216                           ; Parameters:
   217                           ;		y           	offs:   0	type: unsigned int 
   218                           ; Auto variables:
   219                           ;		None
   220                           ; Return value:
   221                           ;		type: void 
   222                           ;		size: 0
   223                           ; Registers used:
   224                           ;		wreg
   225                           ; Tracked objects:
   226                           ;		On entry : B00/0
   227                           ;		On exit  : 0/0
   228                           ;		Unchanged: 0/0
   229                           ; Data sizes:
   230                           ;		Autos:    0
   231                           ;		Params:   2
   232                           ;		Temp:     0
   233                           ;		Total:    2
   234                           ; This function calls:
   235                           ;		Nothing
   236                           ; This function is called by:
   237                           ;		_main
   238                           ; This function uses a non-reentrant model
   239                           ; 
   240                           	psect	text20,local,class=CODE,delta=2
   241                           	file	"F:\CVEA\embedded\led 4\led4.c"
   242                           	line	3
   243                           ;pic168xa.h: 19: volatile unsigned char INDF @ 
                                 0x00;
   244                           ;pic168xa.h: 20: volatile unsigned char TMR0 @ 
                                 0x01;
   245                           ;pic168xa.h: 21: volatile unsigned char PCL @ 0
                                 x02;
   246                           ;pic168xa.h: 22: volatile unsigned char STATUS 
                                 @ 0x03;
   247                           ;pic168xa.h: 23: unsigned char FSR @ 0x04;
   248                           ;pic168xa.h: 24: volatile unsigned char PORTA @
                                  0x05;
   249                           ;pic168xa.h: 25: volatile unsigned char PORTB @
                                  0x06;
   250                           ;pic168xa.h: 26: volatile unsigned char PORTC @
                                  0x07;
   251                           ;pic168xa.h: 28: volatile unsigned char PORTD @
                                  0x08;
   252                           ;pic168xa.h: 29: volatile unsigned char PORTE @
                                  0x09;
   253                           	
   254  07E6                     _delay:	
   255                           	opt stack 7
   256                           ; Regs used in _delay: [wreg]
   257                           	line	4
   258                           ;led4.c: 4: while(y--);
   259  07E6  2FE7               	goto	l2
   260                           	
   261  07E7                     l2:	
   262                           	
   263  07E7  3001               	movlw	low(01h)
   264  07E8  02F3               	subwf	(_delay_y),f
   265  07E9  3000               	movlw	high(01h)
   266  07EA  1C03               	skipc
   267  07EB  03F4               	decf	(_delay_y+1),f
   268  07EC  02F4               	subwf	(_delay_y+1),f
   269  07ED  30FF               	movlw	high(0FFFFh)
   270  07EE  0674               	xorwf	((_delay_y+1))&07fh,w
   271  07EF  1D03               	skipz
   272  07F0  2FF3               	goto	u45
   273  07F1  30FF               	movlw	low(0FFFFh)
   274  07F2  0673               	xorwf	((_delay_y))&07fh,w
   275  07F3                     u45:
   276                           
   277  07F3  1D03               	skipz
   278  07F4  2FF6               	goto	u41
   279  07F5  2FF7               	goto	u40
   280  07F6                     u41:
   281  07F6  2FE7               	goto	l2
   282  07F7                     u40:
   283                           	
   284  07F7                     l4:	
   285                           	line	5
   286                           ;led4.c: 5: }
   287  07F7                     l1:	
   288  07F7  0008               	return
   289                           	psect	text21,local,class=CODE,delta=2
   290                           	opt stack 0
   291                           ; =============== function _delay ends ========
                                 =======
   292                           
   293                           GLOBAL __end_of_delay
   294  0058                     	__end_of_delay:
   295                           	FNSIZE	_delay,0,2
   296                           	signat	_delay,4216
   297                           	FNCALL	_main,_delay
   298                           	FNROOT	_main
   299                           	global	_e
   300                           	psect	rbss_0,class=BANK0,space=1
   301                           
   302                           	DABS	1,104,8	;_e
   303  0000                     	_e	set	0x68
   304                           
   305                           	psect	idata,class=CODE,delta=2,space=0
   306                           	line	6
   307                           
   308                           ;initializer for _e
   309  07F8  3401               	retlw	01h
   310  07F9  3402               	retlw	02h
   311  07FA  3404               	retlw	04h
   312  07FB  3408               	retlw	08h
   313  07FC  3410               	retlw	010h
   314  07FD  3420               	retlw	020h
   315  07FE  3440               	retlw	040h
   316  07FF  3480               	retlw	080h
   317                           	psect	strings,class=CODE,delta=2,reloc=256
   318                           	global	_ADCON0
   319                           	global	_ADCON0
   320  0000                     	_ADCON0	set	0x1F
   321                           
   322                           	global	_ADCON1
   323                           	global	_ADCON1
   324  0000                     	_ADCON1	set	0x9F
   325                           
   326                           	global	_ADRESH
   327                           	global	_ADRESH
   328  0000                     	_ADRESH	set	0x1E
   329                           
   330                           	global	_ADRESL
   331                           	global	_ADRESL
   332  0000                     	_ADRESL	set	0x9E
   333                           
   334                           	global	_CCP1CON
   335                           	global	_CCP1CON
   336  0000                     	_CCP1CON	set	0x17
   337                           
   338                           	global	_CCP2CON
   339                           	global	_CCP2CON
   340  0000                     	_CCP2CON	set	0x1D
   341                           
   342                           	global	_CCPR1H
   343                           	global	_CCPR1H
   344  0000                     	_CCPR1H	set	0x16
   345                           
   346                           	global	_CCPR1L
   347                           	global	_CCPR1L
   348  0000                     	_CCPR1L	set	0x15
   349                           
   350                           	global	_CCPR2H
   351                           	global	_CCPR2H
   352  0000                     	_CCPR2H	set	0x1C
   353                           
   354                           	global	_CCPR2L
   355                           	global	_CCPR2L
   356  0000                     	_CCPR2L	set	0x1B
   357                           
   358                           	global	_CMCON
   359                           	global	_CMCON
   360  0000                     	_CMCON	set	0x9C
   361                           
   362                           	global	_CVRCON
   363                           	global	_CVRCON
   364  0000                     	_CVRCON	set	0x9D
   365                           
   366                           	global	_EEADR
   367                           	global	_EEADR
   368  0000                     	_EEADR	set	0x10D
   369                           
   370                           	global	_EEADRH
   371                           	global	_EEADRH
   372  0000                     	_EEADRH	set	0x10F
   373                           
   374                           	global	_EEADRL
   375                           	global	_EEADRL
   376  0000                     	_EEADRL	set	0x10D
   377                           
   378                           	global	_EECON1
   379                           	global	_EECON1
   380  0000                     	_EECON1	set	0x18C
   381                           
   382                           	global	_EECON2
   383                           	global	_EECON2
   384  0000                     	_EECON2	set	0x18D
   385                           
   386                           	global	_EEDATA
   387                           	global	_EEDATA
   388  0000                     	_EEDATA	set	0x10C
   389+                          
   390+                          	global	_EEDATH
   391+                          	global	_EEDATH
   392+ 0000                     	_EEDATH	set	0x10E
   393+                          
   394+                          	global	_FSR
   395+                          	global	_FSR
   396+ 0000                     	_FSR	set	0x4
   397                           
   398                           	global	_INDF
   399                           	global	_INDF
   400  0000                     	_INDF	set	0x0
   401                           
   402                           	global	_INTCON
   403                           	global	_INTCON
   404  0000                     	_INTCON	set	0xB
   405                           
   406                           	global	_OPTION
   407                           	global	_OPTION
   408  0000                     	_OPTION	set	0x81
   409                           
   410                           	global	_PCL
   411                           	global	_PCL
   412  0000                     	_PCL	set	0x2
   413                           
   414                           	global	_PCLATH
   415                           	global	_PCLATH
   416  0000                     	_PCLATH	set	0xA
   417                           
   418                           	global	_PCON
   419                           	global	_PCON
   420  0000                     	_PCON	set	0x8E
   421                           
   422                           	global	_PIE1
   423                           	global	_PIE1
   424  0000                     	_PIE1	set	0x8C
   425                           
   426                           	global	_PIE2
   427                           	global	_PIE2
   428  0000                     	_PIE2	set	0x8D
   429                           
   430                           	global	_PIR1
   431                           	global	_PIR1
   432  0000                     	_PIR1	set	0xC
   433                           
   434                           	global	_PIR2
   435                           	global	_PIR2
   436  0000                     	_PIR2	set	0xD
   437                           
   438                           	global	_PORTA
   439                           	global	_PORTA
   440  0000                     	_PORTA	set	0x5
   441                           
   442                           	global	_PORTB
   443                           	global	_PORTB
   444  0000                     	_PORTB	set	0x6
   445                           
   446                           	global	_PORTC
   447                           	global	_PORTC
   448  0000                     	_PORTC	set	0x7
   449                           
   450                           	global	_PORTD
   451  0000                     	_PORTD	set	0x8
   452                           
   453                           	global	_PORTE
   454                           	global	_PORTE
   455  0000                     	_PORTE	set	0x9
   456                           
   457                           	global	_PR2
   458                           	global	_PR2
   459  0000                     	_PR2	set	0x92
   460                           
   461                           	global	_RCREG
   462                           	global	_RCREG
   463  0000                     	_RCREG	set	0x1A
   464                           
   465                           	global	_RCSTA
   466                           	global	_RCSTA
   467  0000                     	_RCSTA	set	0x18
   468                           
   469                           	global	_SPBRG
   470                           	global	_SPBRG
   471  0000                     	_SPBRG	set	0x99
   472                           
   473                           	global	_SSPADD
   474                           	global	_SSPADD
   475  0000                     	_SSPADD	set	0x93
   476                           
   477                           	global	_SSPBUF
   478                           	global	_SSPBUF
   479  0000                     	_SSPBUF	set	0x13
   480                           
   481                           	global	_SSPCON
   482                           	global	_SSPCON
   483  0000                     	_SSPCON	set	0x14
   484                           
   485                           	global	_SSPCON2
   486                           	global	_SSPCON2
   487  0000                     	_SSPCON2	set	0x91
   488                           
   489                           	global	_SSPSTAT
   490                           	global	_SSPSTAT
   491  0000                     	_SSPSTAT	set	0x94
   492                           
   493                           	global	_STATUS
   494                           	global	_STATUS
   495  0000                     	_STATUS	set	0x3
   496                           
   497                           	global	_T1CON
   498                           	global	_T1CON
   499  0000                     	_T1CON	set	0x10
   500                           
   501                           	global	_T2CON
   502                           	global	_T2CON
   503  0000                     	_T2CON	set	0x12
   504                           
   505                           	global	_TMR0
   506                           	global	_TMR0
   507  0000                     	_TMR0	set	0x1
   508                           
   509                           	global	_TMR1H
   510                           	global	_TMR1H
   511  0000                     	_TMR1H	set	0xF
   512                           
   513                           	global	_TMR1L
   514                           	global	_TMR1L
   515  0000                     	_TMR1L	set	0xE
   516                           
   517                           	global	_TMR2
   518                           	global	_TMR2
   519  0000                     	_TMR2	set	0x11
   520                           
   521                           	global	_TRISA
   522                           	global	_TRISA
   523  0000                     	_TRISA	set	0x85
   524                           
   525                           	global	_TRISB
   526                           	global	_TRISB
   527  0000                     	_TRISB	set	0x86
   528                           
   529                           	global	_TRISC
   530                           	global	_TRISC
   531  0000                     	_TRISC	set	0x87
   532                           
   533                           	global	_TRISD
   534  0000                     	_TRISD	set	0x88
   535                           
   536                           	global	_TRISE
   537                           	global	_TRISE
   538  0000                     	_TRISE	set	0x89
   539                           
   540                           	global	_TXREG
   541                           	global	_TXREG
   542  0000                     	_TXREG	set	0x19
   543                           
   544                           	global	_TXSTA
   545                           	global	_TXSTA
   546  0000                     	_TXSTA	set	0x98
   547                           
   548                           	global	_ACKDT
   549                           	global	_ACKDT
   550  0000                     	_ACKDT	set	0x48D	;byte address: 0x91
   551                           
   552                           	global	_ACKEN
   553                           	global	_ACKEN
   554  0000                     	_ACKEN	set	0x48C	;byte address: 0x91
   555                           
   556                           	global	_ACKSTAT
   557                           	global	_ACKSTAT
   558  0000                     	_ACKSTAT	set	0x48E	;byte address: 0x91
   559                           
   560                           	global	_ADCS0
   561                           	global	_ADCS0
   562  0000                     	_ADCS0	set	0xFE	;byte address: 0x1F
   563                           
   564                           	global	_ADCS1
   565                           	global	_ADCS1
   566  0000                     	_ADCS1	set	0xFF	;byte address: 0x1F
   567                           
   568                           	global	_ADCS2
   569                           	global	_ADCS2
   570  0000                     	_ADCS2	set	0x4FE	;byte address: 0x9F
   571                           
   572                           	global	_ADDEN
   573                           	global	_ADDEN
   574  0000                     	_ADDEN	set	0xC3	;byte address: 0x18
   575                           
   576                           	global	_ADFM
   577                           	global	_ADFM
   578  0000                     	_ADFM	set	0x4FF	;byte address: 0x9F
   579                           
   580                           	global	_ADGO
   581                           	global	_ADGO
   582  0000                     	_ADGO	set	0xFA	;byte address: 0x1F
   583                           
   584                           	global	_ADIE
   585                           	global	_ADIE
   586  0000                     	_ADIE	set	0x466	;byte address: 0x8C
   587                           
   588                           	global	_ADIF
   589                           	global	_ADIF
   590  0000                     	_ADIF	set	0x66	;byte address: 0xC
   591                           
   592                           	global	_ADON
   593                           	global	_ADON
   594  0000                     	_ADON	set	0xF8	;byte address: 0x1F
   595                           
   596                           	global	_BCLIE
   597                           	global	_BCLIE
   598  0000                     	_BCLIE	set	0x46B	;byte address: 0x8D
   599                           
   600                           	global	_BCLIF
   601                           	global	_BCLIF
   602  0000                     	_BCLIF	set	0x6B	;byte address: 0xD
   603                           
   604                           	global	_BF
   605                           	global	_BF
   606  0000                     	_BF	set	0x4A0	;byte address: 0x94
   607                           
   608                           	global	_BOR
   609                           	global	_BOR
   610  0000                     	_BOR	set	0x470	;byte address: 0x8E
   611                           
   612                           	global	_BRGH
   613                           	global	_BRGH
   614  0000                     	_BRGH	set	0x4C2	;byte address: 0x98
   615                           
   616                           	global	_C1INV
   617                           	global	_C1INV
   618  0000                     	_C1INV	set	0x4E4	;byte address: 0x9C
   619                           
   620                           	global	_C1OUT
   621                           	global	_C1OUT
   622  0000                     	_C1OUT	set	0x4E6	;byte address: 0x9C
   623                           
   624                           	global	_C2INV
   625                           	global	_C2INV
   626  0000                     	_C2INV	set	0x4E5	;byte address: 0x9C
   627                           
   628                           	global	_C2OUT
   629                           	global	_C2OUT
   630  0000                     	_C2OUT	set	0x4E7	;byte address: 0x9C
   631                           
   632                           	global	_CARRY
   633                           	global	_CARRY
   634  0000                     	_CARRY	set	0x18	;byte address: 0x3
   635                           
   636                           	global	_CCP1IE
   637                           	global	_CCP1IE
   638  0000                     	_CCP1IE	set	0x462	;byte address: 0x8C
   639                           
   640                           	global	_CCP1IF
   641                           	global	_CCP1IF
   642  0000                     	_CCP1IF	set	0x62	;byte address: 0xC
   643                           
   644                           	global	_CCP1M0
   645                           	global	_CCP1M0
   646  0000                     	_CCP1M0	set	0xB8	;byte address: 0x17
   647                           
   648                           	global	_CCP1M1
   649                           	global	_CCP1M1
   650  0000                     	_CCP1M1	set	0xB9	;byte address: 0x17
   651                           
   652                           	global	_CCP1M2
   653                           	global	_CCP1M2
   654  0000                     	_CCP1M2	set	0xBA	;byte address: 0x17
   655                           
   656                           	global	_CCP1M3
   657                           	global	_CCP1M3
   658  0000                     	_CCP1M3	set	0xBB	;byte address: 0x17
   659                           
   660                           	global	_CCP1X
   661                           	global	_CCP1X
   662  0000                     	_CCP1X	set	0xBD	;byte address: 0x17
   663                           
   664                           	global	_CCP1Y
   665                           	global	_CCP1Y
   666  0000                     	_CCP1Y	set	0xBC	;byte address: 0x17
   667                           
   668                           	global	_CCP2IE
   669                           	global	_CCP2IE
   670  0000                     	_CCP2IE	set	0x468	;byte address: 0x8D
   671                           
   672                           	global	_CCP2IF
   673                           	global	_CCP2IF
   674  0000                     	_CCP2IF	set	0x68	;byte address: 0xD
   675                           
   676                           	global	_CCP2M0
   677                           	global	_CCP2M0
   678  0000                     	_CCP2M0	set	0xE8	;byte address: 0x1D
   679                           
   680                           	global	_CCP2M1
   681                           	global	_CCP2M1
   682  0000                     	_CCP2M1	set	0xE9	;byte address: 0x1D
   683                           
   684                           	global	_CCP2M2
   685                           	global	_CCP2M2
   686  0000                     	_CCP2M2	set	0xEA	;byte address: 0x1D
   687                           
   688                           	global	_CCP2M3
   689                           	global	_CCP2M3
   690  0000                     	_CCP2M3	set	0xEB	;byte address: 0x1D
   691                           
   692                           	global	_CCP2X
   693                           	global	_CCP2X
   694  0000                     	_CCP2X	set	0xED	;byte address: 0x1D
   695                           
   696                           	global	_CCP2Y
   697                           	global	_CCP2Y
   698  0000                     	_CCP2Y	set	0xEC	;byte address: 0x1D
   699                           
   700                           	global	_CHS0
   701                           	global	_CHS0
   702  0000                     	_CHS0	set	0xFB	;byte address: 0x1F
   703                           
   704                           	global	_CHS1
   705                           	global	_CHS1
   706  0000                     	_CHS1	set	0xFC	;byte address: 0x1F
   707                           
   708                           	global	_CHS2
   709                           	global	_CHS2
   710  0000                     	_CHS2	set	0xFD	;byte address: 0x1F
   711                           
   712                           	global	_CIS
   713                           	global	_CIS
   714  0000                     	_CIS	set	0x4E3	;byte address: 0x9C
   715                           
   716                           	global	_CKE
   717                           	global	_CKE
   718  0000                     	_CKE	set	0x4A6	;byte address: 0x94
   719                           
   720                           	global	_CKP
   721                           	global	_CKP
   722  0000                     	_CKP	set	0xA4	;byte address: 0x14
   723                           
   724                           	global	_CM0
   725                           	global	_CM0
   726  0000                     	_CM0	set	0x4E0	;byte address: 0x9C
   727                           
   728                           	global	_CM1
   729                           	global	_CM1
   730  0000                     	_CM1	set	0x4E1	;byte address: 0x9C
   731                           
   732                           	global	_CM2
   733                           	global	_CM2
   734  0000                     	_CM2	set	0x4E2	;byte address: 0x9C
   735                           
   736                           	global	_CMIE
   737                           	global	_CMIE
   738  0000                     	_CMIE	set	0x46E	;byte address: 0x8D
   739                           
   740                           	global	_CMIF
   741                           	global	_CMIF
   742  0000                     	_CMIF	set	0x6E	;byte address: 0xD
   743                           
   744                           	global	_CREN
   745                           	global	_CREN
   746  0000                     	_CREN	set	0xC4	;byte address: 0x18
   747                           
   748                           	global	_CSRC
   749                           	global	_CSRC
   750  0000                     	_CSRC	set	0x4C7	;byte address: 0x98
   751                           
   752                           	global	_CVR0
   753                           	global	_CVR0
   754  0000                     	_CVR0	set	0x4E8	;byte address: 0x9D
   755                           
   756                           	global	_CVR1
   757                           	global	_CVR1
   758  0000                     	_CVR1	set	0x4E9	;byte address: 0x9D
   759                           
   760                           	global	_CVR2
   761                           	global	_CVR2
   762  0000                     	_CVR2	set	0x4EA	;byte address: 0x9D
   763                           
   764                           	global	_CVR3
   765                           	global	_CVR3
   766  0000                     	_CVR3	set	0x4EB	;byte address: 0x9D
   767                           
   768                           	global	_CVREN
   769                           	global	_CVREN
   770  0000                     	_CVREN	set	0x4EF	;byte address: 0x9D
   771                           
   772                           	global	_CVROE
   773                           	global	_CVROE
   774  0000                     	_CVROE	set	0x4EE	;byte address: 0x9D
   775                           
   776                           	global	_CVRR
   777                           	global	_CVRR
   778  0000                     	_CVRR	set	0x4ED	;byte address: 0x9D
   779                           
   780                           	global	_DA
   781                           	global	_DA
   782  0000                     	_DA	set	0x4A5	;byte address: 0x94
   783                           
   784                           	global	_DC
   785                           	global	_DC
   786  0000                     	_DC	set	0x19	;byte address: 0x3
   787                           
   788                           	global	_EEIE
   789                           	global	_EEIE
   790  0000                     	_EEIE	set	0x46C	;byte address: 0x8D
   791                           
   792                           	global	_EEIF
   793                           	global	_EEIF
   794  0000                     	_EEIF	set	0x6C	;byte address: 0xD
   795                           
   796                           	global	_EEPGD
   797                           	global	_EEPGD
   798  0000                     	_EEPGD	set	0xC67	;byte address: 0x18C
   799                           
   800                           	global	_FERR
   801                           	global	_FERR
   802  0000                     	_FERR	set	0xC2	;byte address: 0x18
   803                           
   804                           	global	_GCEN
   805                           	global	_GCEN
   806  0000                     	_GCEN	set	0x48F	;byte address: 0x91
   807                           
   808                           	global	_GIE
   809                           	global	_GIE
   810  0000                     	_GIE	set	0x5F	;byte address: 0xB
   811                           
   812                           	global	_GODONE
   813                           	global	_GODONE
   814  0000                     	_GODONE	set	0xFA	;byte address: 0x1F
   815                           
   816                           	global	_IBF
   817                           	global	_IBF
   818  0000                     	_IBF	set	0x44F	;byte address: 0x89
   819                           
   820                           	global	_IBOV
   821                           	global	_IBOV
   822  0000                     	_IBOV	set	0x44D	;byte address: 0x89
   823                           
   824                           	global	_INTE
   825                           	global	_INTE
   826  0000                     	_INTE	set	0x5C	;byte address: 0xB
   827                           
   828                           	global	_INTEDG
   829                           	global	_INTEDG
   830  0000                     	_INTEDG	set	0x40E	;byte address: 0x81
   831                           
   832                           	global	_INTF
   833                           	global	_INTF
   834  0000                     	_INTF	set	0x59	;byte address: 0xB
   835                           
   836                           	global	_IRP
   837                           	global	_IRP
   838  0000                     	_IRP	set	0x1F	;byte address: 0x3
   839                           
   840                           	global	_OBF
   841                           	global	_OBF
   842  0000                     	_OBF	set	0x44E	;byte address: 0x89
   843                           
   844                           	global	_OERR
   845                           	global	_OERR
   846  0000                     	_OERR	set	0xC1	;byte address: 0x18
   847                           
   848                           	global	_PCFG0
   849                           	global	_PCFG0
   850  0000                     	_PCFG0	set	0x4F8	;byte address: 0x9F
   851                           
   852                           	global	_PCFG1
   853                           	global	_PCFG1
   854  0000                     	_PCFG1	set	0x4F9	;byte address: 0x9F
   855                           
   856                           	global	_PCFG2
   857                           	global	_PCFG2
   858  0000                     	_PCFG2	set	0x4FA	;byte address: 0x9F
   859                           
   860                           	global	_PCFG3
   861                           	global	_PCFG3
   862  0000                     	_PCFG3	set	0x4FB	;byte address: 0x9F
   863                           
   864                           	global	_PD
   865                           	global	_PD
   866  0000                     	_PD	set	0x1B	;byte address: 0x3
   867                           
   868                           	global	_PEIE
   869                           	global	_PEIE
   870  0000                     	_PEIE	set	0x5E	;byte address: 0xB
   871                           
   872                           	global	_PEN
   873                           	global	_PEN
   874  0000                     	_PEN	set	0x48A	;byte address: 0x91
   875                           
   876                           	global	_POR
   877                           	global	_POR
   878  0000                     	_POR	set	0x471	;byte address: 0x8E
   879                           
   880                           	global	_PS0
   881                           	global	_PS0
   882  0000                     	_PS0	set	0x408	;byte address: 0x81
   883                           
   884                           	global	_PS1
   885                           	global	_PS1
   886  0000                     	_PS1	set	0x409	;byte address: 0x81
   887                           
   888                           	global	_PS2
   889                           	global	_PS2
   890  0000                     	_PS2	set	0x40A	;byte address: 0x81
   891                           
   892                           	global	_PSA
   893                           	global	_PSA
   894  0000                     	_PSA	set	0x40B	;byte address: 0x81
   895                           
   896                           	global	_PSPIE
   897                           	global	_PSPIE
   898  0000                     	_PSPIE	set	0x467	;byte address: 0x8C
   899                           
   900                           	global	_PSPIF
   901                           	global	_PSPIF
   902  0000                     	_PSPIF	set	0x67	;byte address: 0xC
   903                           
   904                           	global	_PSPMODE
   905                           	global	_PSPMODE
   906  0000                     	_PSPMODE	set	0x44C	;byte address: 0x89
   907                           
   908                           	global	_RA0
   909                           	global	_RA0
   910  0000                     	_RA0	set	0x28	;byte address: 0x5
   911                           
   912                           	global	_RA1
   913                           	global	_RA1
   914  0000                     	_RA1	set	0x29	;byte address: 0x5
   915                           
   916                           	global	_RA2
   917                           	global	_RA2
   918  0000                     	_RA2	set	0x2A	;byte address: 0x5
   919                           
   920                           	global	_RA3
   921                           	global	_RA3
   922  0000                     	_RA3	set	0x2B	;byte address: 0x5
   923                           
   924                           	global	_RA4
   925                           	global	_RA4
   926  0000                     	_RA4	set	0x2C	;byte address: 0x5
   927                           
   928                           	global	_RA5
   929                           	global	_RA5
   930  0000                     	_RA5	set	0x2D	;byte address: 0x5
   931                           
   932                           	global	_RB0
   933                           	global	_RB0
   934  0000                     	_RB0	set	0x30	;byte address: 0x6
   935                           
   936                           	global	_RB1
   937                           	global	_RB1
   938  0000                     	_RB1	set	0x31	;byte address: 0x6
   939                           
   940                           	global	_RB2
   941                           	global	_RB2
   942  0000                     	_RB2	set	0x32	;byte address: 0x6
   943                           
   944                           	global	_RB3
   945                           	global	_RB3
   946  0000                     	_RB3	set	0x33	;byte address: 0x6
   947                           
   948                           	global	_RB4
   949                           	global	_RB4
   950  0000                     	_RB4	set	0x34	;byte address: 0x6
   951                           
   952                           	global	_RB5
   953                           	global	_RB5
   954  0000                     	_RB5	set	0x35	;byte address: 0x6
   955                           
   956                           	global	_RB6
   957                           	global	_RB6
   958  0000                     	_RB6	set	0x36	;byte address: 0x6
   959                           
   960                           	global	_RB7
   961                           	global	_RB7
   962  0000                     	_RB7	set	0x37	;byte address: 0x6
   963                           
   964                           	global	_RBIE
   965                           	global	_RBIE
   966  0000                     	_RBIE	set	0x5B	;byte address: 0xB
   967                           
   968                           	global	_RBIF
   969                           	global	_RBIF
   970  0000                     	_RBIF	set	0x58	;byte address: 0xB
   971                           
   972                           	global	_RBPU
   973                           	global	_RBPU
   974  0000                     	_RBPU	set	0x40F	;byte address: 0x81
   975                           
   976                           	global	_RC0
   977                           	global	_RC0
   978  0000                     	_RC0	set	0x38	;byte address: 0x7
   979                           
   980                           	global	_RC1
   981                           	global	_RC1
   982  0000                     	_RC1	set	0x39	;byte address: 0x7
   983                           
   984                           	global	_RC2
   985                           	global	_RC2
   986  0000                     	_RC2	set	0x3A	;byte address: 0x7
   987                           
   988                           	global	_RC3
   989                           	global	_RC3
   990  0000                     	_RC3	set	0x3B	;byte address: 0x7
   991                           
   992                           	global	_RC4
   993                           	global	_RC4
   994  0000                     	_RC4	set	0x3C	;byte address: 0x7
   995                           
   996                           	global	_RC5
   997                           	global	_RC5
   998  0000                     	_RC5	set	0x3D	;byte address: 0x7
   999                           
  1000                           	global	_RC6
  1001                           	global	_RC6
  1002  0000                     	_RC6	set	0x3E	;byte address: 0x7
  1003                           
  1004                           	global	_RC7
  1005                           	global	_RC7
  1006  0000                     	_RC7	set	0x3F	;byte address: 0x7
  1007                           
  1008                           	global	_RCEN
  1009                           	global	_RCEN
  1010  0000                     	_RCEN	set	0x48B	;byte address: 0x91
  1011                           
  1012                           	global	_RCIE
  1013                           	global	_RCIE
  1014  0000                     	_RCIE	set	0x465	;byte address: 0x8C
  1015                           
  1016                           	global	_RCIF
  1017                           	global	_RCIF
  1018  0000                     	_RCIF	set	0x65	;byte address: 0xC
  1019                           
  1020                           	global	_RD
  1021                           	global	_RD
  1022  0000                     	_RD	set	0xC60	;byte address: 0x18C
  1023                           
  1024                           	global	_RD0
  1025                           	global	_RD0
  1026  0000                     	_RD0	set	0x40	;byte address: 0x8
  1027                           
  1028                           	global	_RD1
  1029                           	global	_RD1
  1030  0000                     	_RD1	set	0x41	;byte address: 0x8
  1031                           
  1032                           	global	_RD2
  1033                           	global	_RD2
  1034  0000                     	_RD2	set	0x42	;byte address: 0x8
  1035                           
  1036                           	global	_RD3
  1037                           	global	_RD3
  1038  0000                     	_RD3	set	0x43	;byte address: 0x8
  1039                           
  1040                           	global	_RD4
  1041                           	global	_RD4
  1042  0000                     	_RD4	set	0x44	;byte address: 0x8
  1043                           
  1044                           	global	_RD5
  1045                           	global	_RD5
  1046  0000                     	_RD5	set	0x45	;byte address: 0x8
  1047                           
  1048                           	global	_RD6
  1049                           	global	_RD6
  1050  0000                     	_RD6	set	0x46	;byte address: 0x8
  1051                           
  1052                           	global	_RD7
  1053                           	global	_RD7
  1054  0000                     	_RD7	set	0x47	;byte address: 0x8
  1055                           
  1056                           	global	_RE0
  1057                           	global	_RE0
  1058  0000                     	_RE0	set	0x48	;byte address: 0x9
  1059                           
  1060                           	global	_RE1
  1061                           	global	_RE1
  1062  0000                     	_RE1	set	0x49	;byte address: 0x9
  1063                           
  1064                           	global	_RE2
  1065                           	global	_RE2
  1066  0000                     	_RE2	set	0x4A	;byte address: 0x9
  1067                           
  1068                           	global	_RP0
  1069                           	global	_RP0
  1070  0000                     	_RP0	set	0x1D	;byte address: 0x3
  1071                           
  1072                           	global	_RP1
  1073                           	global	_RP1
  1074  0000                     	_RP1	set	0x1E	;byte address: 0x3
  1075                           
  1076                           	global	_RSEN
  1077                           	global	_RSEN
  1078  0000                     	_RSEN	set	0x489	;byte address: 0x91
  1079                           
  1080                           	global	_RW
  1081                           	global	_RW
  1082  0000                     	_RW	set	0x4A2	;byte address: 0x94
  1083                           
  1084                           	global	_RX9
  1085                           	global	_RX9
  1086  0000                     	_RX9	set	0xC6	;byte address: 0x18
  1087                           
  1088                           	global	_RX9D
  1089                           	global	_RX9D
  1090  0000                     	_RX9D	set	0xC0	;byte address: 0x18
  1091                           
  1092                           	global	_SEN
  1093                           	global	_SEN
  1094  0000                     	_SEN	set	0x488	;byte address: 0x91
  1095                           
  1096                           	global	_SMP
  1097                           	global	_SMP
  1098  0000                     	_SMP	set	0x4A7	;byte address: 0x94
  1099                           
  1100                           	global	_SPEN
  1101                           	global	_SPEN
  1102  0000                     	_SPEN	set	0xC7	;byte address: 0x18
  1103                           
  1104                           	global	_SREN
  1105                           	global	_SREN
  1106  0000                     	_SREN	set	0xC5	;byte address: 0x18
  1107                           
  1108                           	global	_SSPEN
  1109                           	global	_SSPEN
  1110  0000                     	_SSPEN	set	0xA5	;byte address: 0x14
  1111                           
  1112                           	global	_SSPIE
  1113                           	global	_SSPIE
  1114  0000                     	_SSPIE	set	0x463	;byte address: 0x8C
  1115                           
  1116                           	global	_SSPIF
  1117                           	global	_SSPIF
  1118  0000                     	_SSPIF	set	0x63	;byte address: 0xC
  1119                           
  1120                           	global	_SSPM0
  1121                           	global	_SSPM0
  1122  0000                     	_SSPM0	set	0xA0	;byte address: 0x14
  1123                           
  1124                           	global	_SSPM1
  1125                           	global	_SSPM1
  1126  0000                     	_SSPM1	set	0xA1	;byte address: 0x14
  1127                           
  1128                           	global	_SSPM2
  1129                           	global	_SSPM2
  1130  0000                     	_SSPM2	set	0xA2	;byte address: 0x14
  1131                           
  1132                           	global	_SSPM3
  1133                           	global	_SSPM3
  1134  0000                     	_SSPM3	set	0xA3	;byte address: 0x14
  1135                           
  1136                           	global	_SSPOV
  1137                           	global	_SSPOV
  1138  0000                     	_SSPOV	set	0xA6	;byte address: 0x14
  1139                           
  1140                           	global	_START
  1141                           	global	_START
  1142  0000                     	_START	set	0x4A3	;byte address: 0x94
  1143                           
  1144                           	global	_STOP
  1145                           	global	_STOP
  1146  0000                     	_STOP	set	0x4A4	;byte address: 0x94
  1147                           
  1148                           	global	_SYNC
  1149                           	global	_SYNC
  1150  0000                     	_SYNC	set	0x4C4	;byte address: 0x98
  1151                           
  1152                           	global	_T0CS
  1153                           	global	_T0CS
  1154  0000                     	_T0CS	set	0x40D	;byte address: 0x81
  1155                           
  1156                           	global	_T0IE
  1157                           	global	_T0IE
  1158  0000                     	_T0IE	set	0x5D	;byte address: 0xB
  1159                           
  1160                           	global	_T0IF
  1161                           	global	_T0IF
  1162  0000                     	_T0IF	set	0x5A	;byte address: 0xB
  1163                           
  1164                           	global	_T0SE
  1165                           	global	_T0SE
  1166  0000                     	_T0SE	set	0x40C	;byte address: 0x81
  1167                           
  1168                           	global	_T1CKPS0
  1169                           	global	_T1CKPS0
  1170  0000                     	_T1CKPS0	set	0x84	;byte address: 0x10
  1171                           
  1172                           	global	_T1CKPS1
  1173                           	global	_T1CKPS1
  1174  0000                     	_T1CKPS1	set	0x85	;byte address: 0x10
  1175                           
  1176                           	global	_T1OSCEN
  1177                           	global	_T1OSCEN
  1178  0000                     	_T1OSCEN	set	0x83	;byte address: 0x10
  1179                           
  1180                           	global	_T1SYNC
  1181                           	global	_T1SYNC
  1182  0000                     	_T1SYNC	set	0x82	;byte address: 0x10
  1183                           
  1184                           	global	_T2CKPS0
  1185                           	global	_T2CKPS0
  1186  0000                     	_T2CKPS0	set	0x90	;byte address: 0x12
  1187                           
  1188                           	global	_T2CKPS1
  1189                           	global	_T2CKPS1
  1190  0000                     	_T2CKPS1	set	0x91	;byte address: 0x12
  1191                           
  1192                           	global	_TMR0IE
  1193                           	global	_TMR0IE
  1194  0000                     	_TMR0IE	set	0x5D	;byte address: 0xB
  1195                           
  1196                           	global	_TMR0IF
  1197                           	global	_TMR0IF
  1198  0000                     	_TMR0IF	set	0x5A	;byte address: 0xB
  1199                           
  1200                           	global	_TMR1CS
  1201                           	global	_TMR1CS
  1202  0000                     	_TMR1CS	set	0x81	;byte address: 0x10
  1203                           
  1204                           	global	_TMR1IE
  1205                           	global	_TMR1IE
  1206  0000                     	_TMR1IE	set	0x460	;byte address: 0x8C
  1207                           
  1208                           	global	_TMR1IF
  1209                           	global	_TMR1IF
  1210  0000                     	_TMR1IF	set	0x60	;byte address: 0xC
  1211                           
  1212                           	global	_TMR1ON
  1213                           	global	_TMR1ON
  1214  0000                     	_TMR1ON	set	0x80	;byte address: 0x10
  1215                           
  1216                           	global	_TMR2IE
  1217                           	global	_TMR2IE
  1218  0000                     	_TMR2IE	set	0x461	;byte address: 0x8C
  1219                           
  1220                           	global	_TMR2IF
  1221                           	global	_TMR2IF
  1222  0000                     	_TMR2IF	set	0x61	;byte address: 0xC
  1223                           
  1224                           	global	_TMR2ON
  1225                           	global	_TMR2ON
  1226  0000                     	_TMR2ON	set	0x92	;byte address: 0x12
  1227                           
  1228                           	global	_TO
  1229                           	global	_TO
  1230  0000                     	_TO	set	0x1C	;byte address: 0x3
  1231                           
  1232                           	global	_TOUTPS0
  1233                           	global	_TOUTPS0
  1234  0000                     	_TOUTPS0	set	0x93	;byte address: 0x12
  1235                           
  1236                           	global	_TOUTPS1
  1237                           	global	_TOUTPS1
  1238  0000                     	_TOUTPS1	set	0x94	;byte address: 0x12
  1239                           
  1240                           	global	_TOUTPS2
  1241                           	global	_TOUTPS2
  1242  0000                     	_TOUTPS2	set	0x95	;byte address: 0x12
  1243                           
  1244                           	global	_TOUTPS3
  1245                           	global	_TOUTPS3
  1246  0000                     	_TOUTPS3	set	0x96	;byte address: 0x12
  1247                           
  1248                           	global	_TRISA0
  1249                           	global	_TRISA0
  1250  0000                     	_TRISA0	set	0x428	;byte address: 0x85
  1251                           
  1252                           	global	_TRISA1
  1253                           	global	_TRISA1
  1254  0000                     	_TRISA1	set	0x429	;byte address: 0x85
  1255                           
  1256                           	global	_TRISA2
  1257                           	global	_TRISA2
  1258  0000                     	_TRISA2	set	0x42A	;byte address: 0x85
  1259                           
  1260                           	global	_TRISA3
  1261                           	global	_TRISA3
  1262  0000                     	_TRISA3	set	0x42B	;byte address: 0x85
  1263                           
  1264                           	global	_TRISA4
  1265                           	global	_TRISA4
  1266  0000                     	_TRISA4	set	0x42C	;byte address: 0x85
  1267                           
  1268                           	global	_TRISA5
  1269                           	global	_TRISA5
  1270  0000                     	_TRISA5	set	0x42D	;byte address: 0x85
  1271                           
  1272                           	global	_TRISB0
  1273                           	global	_TRISB0
  1274  0000                     	_TRISB0	set	0x430	;byte address: 0x86
  1275                           
  1276                           	global	_TRISB1
  1277                           	global	_TRISB1
  1278  0000                     	_TRISB1	set	0x431	;byte address: 0x86
  1279                           
  1280                           	global	_TRISB2
  1281                           	global	_TRISB2
  1282  0000                     	_TRISB2	set	0x432	;byte address: 0x86
  1283                           
  1284                           	global	_TRISB3
  1285                           	global	_TRISB3
  1286  0000                     	_TRISB3	set	0x433	;byte address: 0x86
  1287                           
  1288                           	global	_TRISB4
  1289                           	global	_TRISB4
  1290  0000                     	_TRISB4	set	0x434	;byte address: 0x86
  1291                           
  1292                           	global	_TRISB5
  1293                           	global	_TRISB5
  1294  0000                     	_TRISB5	set	0x435	;byte address: 0x86
  1295                           
  1296                           	global	_TRISB6
  1297                           	global	_TRISB6
  1298  0000                     	_TRISB6	set	0x436	;byte address: 0x86
  1299                           
  1300                           	global	_TRISB7
  1301                           	global	_TRISB7
  1302  0000                     	_TRISB7	set	0x437	;byte address: 0x86
  1303                           
  1304                           	global	_TRISC0
  1305                           	global	_TRISC0
  1306  0000                     	_TRISC0	set	0x438	;byte address: 0x87
  1307                           
  1308                           	global	_TRISC1
  1309                           	global	_TRISC1
  1310  0000                     	_TRISC1	set	0x439	;byte address: 0x87
  1311                           
  1312                           	global	_TRISC2
  1313                           	global	_TRISC2
  1314  0000                     	_TRISC2	set	0x43A	;byte address: 0x87
  1315                           
  1316                           	global	_TRISC3
  1317                           	global	_TRISC3
  1318  0000                     	_TRISC3	set	0x43B	;byte address: 0x87
  1319                           
  1320                           	global	_TRISC4
  1321                           	global	_TRISC4
  1322  0000                     	_TRISC4	set	0x43C	;byte address: 0x87
  1323                           
  1324                           	global	_TRISC5
  1325                           	global	_TRISC5
  1326  0000                     	_TRISC5	set	0x43D	;byte address: 0x87
  1327                           
  1328                           	global	_TRISC6
  1329                           	global	_TRISC6
  1330  0000                     	_TRISC6	set	0x43E	;byte address: 0x87
  1331                           
  1332                           	global	_TRISC7
  1333                           	global	_TRISC7
  1334  0000                     	_TRISC7	set	0x43F	;byte address: 0x87
  1335                           
  1336                           	global	_TRISD0
  1337                           	global	_TRISD0
  1338  0000                     	_TRISD0	set	0x440	;byte address: 0x88
  1339                           
  1340                           	global	_TRISD1
  1341                           	global	_TRISD1
  1342  0000                     	_TRISD1	set	0x441	;byte address: 0x88
  1343                           
  1344                           	global	_TRISD2
  1345                           	global	_TRISD2
  1346  0000                     	_TRISD2	set	0x442	;byte address: 0x88
  1347                           
  1348                           	global	_TRISD3
  1349                           	global	_TRISD3
  1350  0000                     	_TRISD3	set	0x443	;byte address: 0x88
  1351                           
  1352                           	global	_TRISD4
  1353                           	global	_TRISD4
  1354  0000                     	_TRISD4	set	0x444	;byte address: 0x88
  1355                           
  1356                           	global	_TRISD5
  1357                           	global	_TRISD5
  1358  0000                     	_TRISD5	set	0x445	;byte address: 0x88
  1359                           
  1360                           	global	_TRISD6
  1361                           	global	_TRISD6
  1362  0000                     	_TRISD6	set	0x446	;byte address: 0x88
  1363                           
  1364                           	global	_TRISD7
  1365                           	global	_TRISD7
  1366  0000                     	_TRISD7	set	0x447	;byte address: 0x88
  1367                           
  1368                           	global	_TRISE0
  1369                           	global	_TRISE0
  1370  0000                     	_TRISE0	set	0x448	;byte address: 0x89
  1371                           
  1372                           	global	_TRISE1
  1373                           	global	_TRISE1
  1374  0000                     	_TRISE1	set	0x449	;byte address: 0x89
  1375                           
  1376                           	global	_TRISE2
  1377                           	global	_TRISE2
  1378  0000                     	_TRISE2	set	0x44A	;byte address: 0x89
  1379                           
  1380                           	global	_TRMT
  1381                           	global	_TRMT
  1382  0000                     	_TRMT	set	0x4C1	;byte address: 0x98
  1383                           
  1384                           	global	_TX9
  1385                           	global	_TX9
  1386  0000                     	_TX9	set	0x4C6	;byte address: 0x98
  1387                           
  1388                           	global	_TX9D
  1389                           	global	_TX9D
  1390  0000                     	_TX9D	set	0x4C0	;byte address: 0x98
  1391                           
  1392                           	global	_TXEN
  1393                           	global	_TXEN
  1394  0000                     	_TXEN	set	0x4C5	;byte address: 0x98
  1395                           
  1396                           	global	_TXIE
  1397                           	global	_TXIE
  1398  0000                     	_TXIE	set	0x464	;byte address: 0x8C
  1399                           
  1400                           	global	_TXIF
  1401                           	global	_TXIF
  1402  0000                     	_TXIF	set	0x64	;byte address: 0xC
  1403                           
  1404                           	global	_UA
  1405                           	global	_UA
  1406  0000                     	_UA	set	0x4A1	;byte address: 0x94
  1407                           
  1408                           	global	_WCOL
  1409                           	global	_WCOL
  1410  0000                     	_WCOL	set	0xA7	;byte address: 0x14
  1411                           
  1412                           	global	_WR
  1413                           	global	_WR
  1414  0000                     	_WR	set	0xC61	;byte address: 0x18C
  1415                           
  1416                           	global	_WREN
  1417                           	global	_WREN
  1418  0000                     	_WREN	set	0xC62	;byte address: 0x18C
  1419                           
  1420                           	global	_WRERR
  1421                           	global	_WRERR
  1422  0000                     	_WRERR	set	0xC63	;byte address: 0x18C
  1423                           
  1424                           	global	_ZERO
  1425                           	global	_ZERO
  1426  0000                     	_ZERO	set	0x1A	;byte address: 0x3
  1427                           
  1428                           	PSECT	fnautoc,class=COMMON,space=1
  1429                           	FNCONF	fnautoc,??,?
  1430                           apbank macro
  1431                           	; no bank selection necessary for common memor
                                 y
  1432  0070                     	endm


HI-TECH Software PICC Macro Assembler V9.65 build 4410 
Symbol Table                                          Sat Oct 07 11:39:52 2023

            l1 07F7              l2 07E7              l4 07F7  
            l6 0054              l7 0026              l9 002B  
    __Lrdata_0 0068              _e 0068      __Lramdata 0068  
           l10 0054             _DA 04A5             _BF 04A0  
           _DC 0019             _PD 001B             _RD 0C60  
           _UA 04A1             u40 07F7             u41 07F6  
           u60 0054             u45 07F3             u61 0053  
           _TO 001C             _RW 04A2             _WR 0C61  
          _CM0 04E0            _CM1 04E1            _CM2 04E2  
          _CKE 04A6            _IBF 044F            _CIS 04E3  
          _CKP 00A4            _GIE 005F            _BOR 0470  
          _RA0 0028            _RA1 0029            _RB0 0030  
          _RA2 002A            _RB1 0031            _RA3 002B  
          _RC0 0038            _RB2 0032            _RA4 002C  
          _RC1 0039            _RB3 0033            _RA5 002D  
          _RD0 0040            _RC2 003A            _RB4 0034  
          _RD1 0041            _RC3 003B            _RB5 0035  
          _RE0 0048            _RD2 0042            _RC4 003C  
          _RB6 0036            _RE1 0049            _RD3 0043  
          _RC5 003D            _RB7 0037            _RE2 004A  
          _RD4 0044            _RC6 003E            _RD5 0045  
          _RC7 003F            _RD6 0046            _OBF 044E  
          _RD7 0047            _FSR 0004            _PCL 0002  
          _PS0 0408            _PR2 0092            _PS1 0409  
          _RP0 001D            _PS2 040A            _PEN 048A  
          _IRP 001F            _RP1 001E            u610 0050  
          u615 004E            _SEN 0488            _PSA 040B  
          _POR 0471            _RX9 00C6            _SMP 04A7  
          _TX9 04C6            fsr0 0004            indf 0000  
      ??_delay 0075           _ADIE 0466           _ADIF 0066  
         _ADFM 04FF           _ADGO 00FA       __tempreg 0070  
         _ADON 00F8           _CHS0 00FB           _CHS1 00FC  
         _CHS2 00FD           _EEIE 046C           _EEIF 006C  
         _GCEN 048F           _CMIE 046E           _CMIF 006E  
         _BRGH 04C2           _T0IE 005D           _T0IF 005A  
         _CREN 00C4           _T0CS 040D           _FERR 00C2  
         _IBOV 044D           _CVR0 04E8           _CVR1 04E9  
         _CVR2 04EA           _CVR3 04EB           _T0SE 040C  
         _CSRC 04C7           _INDF 0000           _PIE1 008C  
         _PIE2 008D           _CVRR 04ED           _PEIE 005E  
         _INTE 005C           _INTF 0059           _RBIE 005B  
         _RBIF 0058           _RCIE 0465           _RCIF 0065  
         _RCEN 048B           _PCON 008E           _PIR1 000C  
         _PIR2 000D           _OERR 00C1           _RBPU 040F  
         _RX9D 00C0           _TMR0 0001           _TMR2 0011  
         _WCOL 00A7           _SPEN 00C7           _RSEN 0489  
    __databank 0000           _TX9D 04C0           _SREN 00C5  
         _TRMT 04C1           _STOP 04A4           _ZERO 001A  
         _TXIE 0464           _WREN 0C62           _TXIF 0064  
         _TXEN 04C5           _SYNC 04C4           _main 0018  
         start 0000        _CCP1CON 0017        _CCP2CON 001D  
      _ACKSTAT 048E          _C1INV 04E4          _C2INV 04E5  
        _C1OUT 04E6          _C2OUT 04E7          _ADCS0 00FE  
        _ADCS1 00FF          _ADCS2 04FE          _ADDEN 00C3  
        ?_main 0070          _ACKEN 048C          _ACKDT 048D  
        _BCLIE 046B          _BCLIF 006B          _CCP1X 00BD  
        _CCP1Y 00BC          _CCP2X 00ED          _CCP2Y 00EC  
        _EEADR 010D  __end_of_delay 0058          _CARRY 0018  
        _EEPGD 0C67          _CMCON 009C          _T1CON 0010  
        _T2CON 0012        _T1CKPS0 0084        _T1CKPS1 0085  
        _PCFG0 04F8          _PCFG1 04F9          _PCFG2 04FA  
        _PCFG3 04FB        _T2CKPS0 0090        _T2CKPS1 0091  
        _CVREN 04EF          _CVROE 04EE          _RCREG 001A  
        _RCSTA 0018          _TMR1H 000F          _TMR1L 000E  
        _SPBRG 0099          _PORTA 0005          _PORTB 0006  
      _T1OSCEN 0083          _PORTC 0007          _PORTD 0008  
        _PORTE 0009          _PSPIE 0467          _PSPIF 0067  
        _START 04A3          _SSPM0 00A0          _SSPM1 00A1  
        _SSPM2 00A2          _SSPM3 00A3          _TRISA 0085  
        _TRISB 0086          _TRISC 0087          _TRISD 0088  
        _SSPIE 0463          _TRISE 0089          _SSPIF 0063  
        _SSPEN 00A5          _SSPOV 00A6          _WRERR 0C63  
        _TXREG 0019          _TXSTA 0098          _delay 07E6  
      _PSPMODE 044C        _SSPCON2 0091        _SSPSTAT 0094  
      _TOUTPS0 0093        _TOUTPS1 0094        _TOUTPS2 0095  
      _TOUTPS3 0096    _main_F302_i 0070          status 0003  
      _delay_y 0073         ??_main 0070         ?_delay 0073  
       _ADCON0 001F         _ADCON1 009F         _CCP1M0 00B8  
       _CCP1M1 00B9         _CCP1M2 00BA         _CCP1M3 00BB  
       _CCP2M0 00E8         _CCP2M1 00E9         _CCP2M2 00EA  
       _CCP2M3 00EB         _CCP1IE 0462         _CCP1IF 0062  
       _CCP2IE 0468         _CCP2IF 0068         _ADRESH 001E  
       _EEADRH 010F         _ADRESL 009E         _EEADRL 010D  
       _EEDATA 010C         _CCPR1H 0016         _EEDATH 010E  
       _CCPR2H 001C         _CCPR1L 0015         _CCPR2L 001B  
       _EECON1 018C         _EECON2 018D   __end_of_main 0058  
       _GODONE 00FA         _CVRCON 009D         _T1SYNC 0082  
       _INTEDG 040E         _PCLATH 000A         _INTCON 000B  
       _TMR0IE 005D         _TMR0IF 005A         _TMR1IE 0460  
       _TMR1IF 0060         _TMR1CS 0081         _TMR2IE 0461  
       _TMR2IF 0061         _TMR1ON 0080         _OPTION 0081  
       _TMR2ON 0092         _SSPADD 0093         _TRISA0 0428  
       _TRISA1 0429         _TRISB0 0430         _TRISA2 042A  
       _TRISB1 0431         _TRISA3 042B         _TRISC0 0438  
       _TRISB2 0432         _TRISA4 042C         _TRISC1 0439  
       _TRISB3 0433         _TRISA5 042D         _TRISD0 0440  
       _TRISC2 043A         _TRISB4 0434         _TRISD1 0441  
       _TRISC3 043B         _TRISB5 0435         _TRISE0 0448  
       _TRISD2 0442         _TRISC4 043C         _TRISB6 0436  
       _TRISE1 0449         _TRISD3 0443         _TRISC5 043D  
       _TRISB7 0437         _TRISE2 044A         _TRISD4 0444  
       _TRISC6 043E         _TRISD5 0445         _TRISC7 043F  
       _TRISD6 0446         _TRISD7 0447         _STATUS 0003  
       _SSPCON 0014         _SSPBUF 0013      __Hrdata_0 0070  
    __Hramdata 0070  
